<?xml version="1.0" encoding="UTF-8"?>
<robot generator="Robot 7.2.2 (Python 3.11.4 on darwin)" generated="2025-03-23T11:01:20.974422" rpa="false" schemaversion="5">
<suite id="s1" name="Teste" source="/Users/victor.barros/Automation/Robotframework/RobotFramework/teste.robot">
<test id="s1-t1" name="Caso de teste Exemplo" line="7">
<kw name="Acessar a pagina amazon" owner="resource">
<kw name="Open Browser" owner="SeleniumLibrary">
<msg time="2025-03-23T11:01:21.049459" level="INFO">Opening browser 'chrome' to base url 'http://www.amazon.com.br'.</msg>
<arg>url=${URL}</arg>
<arg>browser=${BROWSER}</arg>
<doc>Opens a new browser instance to the optional ``url``.</doc>
<status status="PASS" start="2025-03-23T11:01:21.049248" elapsed="2.952138"/>
</kw>
<kw name="Sleep" owner="BuiltIn">
<msg time="2025-03-23T11:01:34.003716" level="INFO">Slept 10 seconds.</msg>
<arg>time_=10</arg>
<doc>Pauses the test executed for the given time.</doc>
<status status="PASS" start="2025-03-23T11:01:24.001722" elapsed="10.002256"/>
</kw>
<status status="PASS" start="2025-03-23T11:01:21.048882" elapsed="12.955237"/>
</kw>
<kw name="Pesquisar por celulares" owner="resource">
<kw name="Input Text" owner="SeleniumLibrary">
<msg time="2025-03-23T11:01:34.005058" level="INFO">Typing text 'celulares' into text field 'id:twotabsearchtextbox'.</msg>
<arg>locator=id:twotabsearchtextbox</arg>
<arg>text=celulares</arg>
<doc>Types the given ``text`` into the text field identified by ``locator``.</doc>
<status status="PASS" start="2025-03-23T11:01:34.004687" elapsed="0.122035"/>
</kw>
<kw name="Click Button" owner="SeleniumLibrary">
<msg time="2025-03-23T11:01:34.127065" level="INFO">Clicking button 'id:nav-search-submit-button'.</msg>
<arg>locator=id:nav-search-submit-button</arg>
<doc>Clicks the button identified by ``locator``.</doc>
<status status="PASS" start="2025-03-23T11:01:34.126895" elapsed="2.118848"/>
</kw>
<status status="PASS" start="2025-03-23T11:01:34.004371" elapsed="2.241530"/>
</kw>
<kw name="Validar o resultado" owner="resource">
<kw name="Wait Until Page Contains" owner="SeleniumLibrary">
<arg>text=Resultados</arg>
<doc>Waits until ``text`` appears on the current page.</doc>
<status status="PASS" start="2025-03-23T11:01:36.246415" elapsed="0.030637"/>
</kw>
<status status="PASS" start="2025-03-23T11:01:36.246167" elapsed="0.031037"/>
</kw>
<status status="PASS" start="2025-03-23T11:01:21.048541" elapsed="15.228778"/>
</test>
<doc>Teste Exemplo</doc>
<status status="PASS" start="2025-03-23T11:01:20.975656" elapsed="15.302000"/>
</suite>
<statistics>
<total>
<stat pass="1" fail="0" skip="0">All Tests</stat>
</total>
<tag>
</tag>
<suite>
<stat name="Teste" id="s1" pass="1" fail="0" skip="0">Teste</stat>
</suite>
</statistics>
<errors>
</errors>
</robot>
